<?xml version="1.0" encoding="UTF-8"?>
<testng-results skipped="0" failed="0" total="1" passed="1">
  <reporter-output>
  </reporter-output>
  <suite name="CocCoc Smoke" duration-ms="166053" started-at="2018-02-08T11:40:24Z" finished-at="2018-02-08T11:43:10Z">
    <groups>
    </groups>
    <test name="CocCoc Smoke" duration-ms="166053" started-at="2018-02-08T11:40:24Z" finished-at="2018-02-08T11:43:10Z">
      <class name="browser_Testsuite_GoogleServices.DownloadCocCoc">
        <test-method status="PASS" signature="Google_services_download_01_02()[pri:0, instance:browser_Testsuite_GoogleServices.DownloadCocCoc@dc24521]" name="Google_services_download_01_02" duration-ms="166042" started-at="2018-02-08T18:40:24Z" finished-at="2018-02-08T18:43:10Z">
          <reporter-output>
          </reporter-output>
        </test-method> <!-- Google_services_download_01_02 -->
      </class> <!-- browser_Testsuite_GoogleServices.DownloadCocCoc -->
    </test> <!-- CocCoc Smoke -->
  </suite> <!-- CocCoc Smoke -->
</testng-results>
